2014-10-07 16:52:18,432 [Worker-6] INFO  o.e.m.c.i.l.LifecycleMappingFactory - Using org.eclipse.m2e.jdt.JarLifecycleMapping lifecycle mapping for MavenProject: org.springframework:gs-rest-service:0.1.0 @ C:\Users\Calvin . T . Murray\Documents\GitHub\SLIP\SLIP-WebServer\pom.xml.
2014-10-07 16:52:27,746 [Worker-0] INFO  o.e.m.c.i.embedder.EclipseLogger - Using 'UTF-8' encoding to copy filtered resources.
2014-10-07 16:52:27,746 [Worker-0] INFO  o.e.m.c.i.embedder.EclipseLogger - skip non existing resourceDirectory C:\Users\Calvin . T . Murray\Documents\GitHub\SLIP\SLIP-WebServer\src\main\resources
2014-10-07 16:52:27,746 [Worker-0] INFO  o.e.m.c.i.embedder.EclipseLogger - skip non existing resourceDirectory C:\Users\Calvin . T . Murray\Documents\GitHub\SLIP\SLIP-WebServer\src\main\resources
2014-10-07 16:52:27,748 [Worker-0] INFO  o.e.m.c.i.embedder.EclipseLogger - Using 'UTF-8' encoding to copy filtered resources.
2014-10-07 16:52:27,749 [Worker-0] INFO  o.e.m.c.i.embedder.EclipseLogger - skip non existing resourceDirectory C:\Users\Calvin . T . Murray\Documents\GitHub\SLIP\SLIP-WebServer\src\test\resources
2014-10-07 17:20:22,275 [Worker-5] INFO  o.e.m.c.i.l.LifecycleMappingFactory - Using org.eclipse.m2e.jdt.JarLifecycleMapping lifecycle mapping for MavenProject: org.springframework:gs-rest-service:0.1.0 @ C:\Users\Calvin . T . Murray\Documents\GitHub\SLIP\SLIP-WebServer\pom.xml.
2014-10-07 17:20:23,079 [Worker-5] INFO  o.e.m.c.i.embedder.EclipseLogger - Using 'UTF-8' encoding to copy filtered resources.
2014-10-07 17:20:23,080 [Worker-5] INFO  o.e.m.c.i.embedder.EclipseLogger - skip non existing resourceDirectory C:\Users\Calvin . T . Murray\Documents\GitHub\SLIP\SLIP-WebServer\src\main\resources
2014-10-07 17:20:23,080 [Worker-5] INFO  o.e.m.c.i.embedder.EclipseLogger - skip non existing resourceDirectory C:\Users\Calvin . T . Murray\Documents\GitHub\SLIP\SLIP-WebServer\src\main\resources
2014-10-07 17:20:23,083 [Worker-5] INFO  o.e.m.c.i.embedder.EclipseLogger - Using 'UTF-8' encoding to copy filtered resources.
2014-10-07 17:20:23,084 [Worker-5] INFO  o.e.m.c.i.embedder.EclipseLogger - skip non existing resourceDirectory C:\Users\Calvin . T . Murray\Documents\GitHub\SLIP\SLIP-WebServer\src\test\resources
2014-10-07 17:24:06,632 [Worker-8] INFO  o.e.m.c.i.l.LifecycleMappingFactory - Using org.eclipse.m2e.jdt.JarLifecycleMapping lifecycle mapping for MavenProject: org.springframework:gs-rest-service:0.1.0 @ C:\Users\Calvin . T . Murray\Documents\GitHub\SLIP\SLIP-WebServer\pom.xml.
2014-10-07 17:24:07,152 [Worker-8] INFO  o.e.m.c.i.embedder.EclipseLogger - Using 'UTF-8' encoding to copy filtered resources.
2014-10-07 17:24:07,152 [Worker-8] INFO  o.e.m.c.i.embedder.EclipseLogger - skip non existing resourceDirectory C:\Users\Calvin . T . Murray\Documents\GitHub\SLIP\SLIP-WebServer\src\main\resources
2014-10-07 17:24:07,152 [Worker-8] INFO  o.e.m.c.i.embedder.EclipseLogger - skip non existing resourceDirectory C:\Users\Calvin . T . Murray\Documents\GitHub\SLIP\SLIP-WebServer\src\main\resources
2014-10-07 17:24:07,154 [Worker-8] INFO  o.e.m.c.i.embedder.EclipseLogger - Using 'UTF-8' encoding to copy filtered resources.
2014-10-07 17:24:07,154 [Worker-8] INFO  o.e.m.c.i.embedder.EclipseLogger - skip non existing resourceDirectory C:\Users\Calvin . T . Murray\Documents\GitHub\SLIP\SLIP-WebServer\src\test\resources
2014-10-07 17:24:11,606 [Worker-1] INFO  o.e.m.c.i.embedder.EclipseLogger - Using 'UTF-8' encoding to copy filtered resources.
2014-10-07 17:24:11,606 [Worker-1] INFO  o.e.m.c.i.embedder.EclipseLogger - skip non existing resourceDirectory C:\Users\Calvin . T . Murray\Documents\GitHub\SLIP\SLIP-WebServer\src\main\resources
2014-10-07 17:24:11,606 [Worker-1] INFO  o.e.m.c.i.embedder.EclipseLogger - skip non existing resourceDirectory C:\Users\Calvin . T . Murray\Documents\GitHub\SLIP\SLIP-WebServer\src\main\resources
2014-10-07 17:24:11,608 [Worker-1] INFO  o.e.m.c.i.embedder.EclipseLogger - Using 'UTF-8' encoding to copy filtered resources.
2014-10-07 17:24:11,608 [Worker-1] INFO  o.e.m.c.i.embedder.EclipseLogger - skip non existing resourceDirectory C:\Users\Calvin . T . Murray\Documents\GitHub\SLIP\SLIP-WebServer\src\test\resources
2014-10-07 17:24:24,214 [Worker-4] INFO  o.e.m.c.i.l.LifecycleMappingFactory - Using org.eclipse.m2e.jdt.JarLifecycleMapping lifecycle mapping for MavenProject: org.springframework:gs-rest-service:0.1.0 @ C:\Users\Calvin . T . Murray\Documents\GitHub\SLIP\SLIP-WebServer\pom.xml.
2014-10-07 17:24:24,585 [Worker-4] INFO  o.e.m.c.i.embedder.EclipseLogger - Using 'UTF-8' encoding to copy filtered resources.
2014-10-07 17:24:24,585 [Worker-4] INFO  o.e.m.c.i.embedder.EclipseLogger - skip non existing resourceDirectory C:\Users\Calvin . T . Murray\Documents\GitHub\SLIP\SLIP-WebServer\src\main\resources
2014-10-07 17:24:24,585 [Worker-4] INFO  o.e.m.c.i.embedder.EclipseLogger - skip non existing resourceDirectory C:\Users\Calvin . T . Murray\Documents\GitHub\SLIP\SLIP-WebServer\src\main\resources
2014-10-07 17:24:24,586 [Worker-4] INFO  o.e.m.c.i.embedder.EclipseLogger - Using 'UTF-8' encoding to copy filtered resources.
2014-10-07 17:24:24,587 [Worker-4] INFO  o.e.m.c.i.embedder.EclipseLogger - skip non existing resourceDirectory C:\Users\Calvin . T . Murray\Documents\GitHub\SLIP\SLIP-WebServer\src\test\resources
2014-10-07 17:25:20,485 [Worker-0] INFO  o.e.m.c.i.l.LifecycleMappingFactory - Using org.eclipse.m2e.jdt.JarLifecycleMapping lifecycle mapping for MavenProject: org.springframework:gs-rest-service:0.1.0 @ C:\Users\Calvin . T . Murray\Documents\GitHub\SLIP\SLIP-WebServer\pom.xml.
2014-10-07 17:25:21,087 [Worker-0] INFO  o.e.m.c.i.embedder.EclipseLogger - Using 'UTF-8' encoding to copy filtered resources.
2014-10-07 17:25:21,087 [Worker-0] INFO  o.e.m.c.i.embedder.EclipseLogger - skip non existing resourceDirectory C:\Users\Calvin . T . Murray\Documents\GitHub\SLIP\SLIP-WebServer\src\main\resources
2014-10-07 17:25:21,087 [Worker-0] INFO  o.e.m.c.i.embedder.EclipseLogger - skip non existing resourceDirectory C:\Users\Calvin . T . Murray\Documents\GitHub\SLIP\SLIP-WebServer\src\main\resources
2014-10-07 17:25:21,089 [Worker-0] INFO  o.e.m.c.i.embedder.EclipseLogger - Using 'UTF-8' encoding to copy filtered resources.
2014-10-07 17:25:21,089 [Worker-0] INFO  o.e.m.c.i.embedder.EclipseLogger - skip non existing resourceDirectory C:\Users\Calvin . T . Murray\Documents\GitHub\SLIP\SLIP-WebServer\src\test\resources
2014-10-07 17:27:11,945 [Worker-8] INFO  o.e.m.c.i.l.LifecycleMappingFactory - Using org.eclipse.m2e.jdt.JarLifecycleMapping lifecycle mapping for MavenProject: org.springframework:gs-rest-service:0.1.0 @ C:\Users\Calvin . T . Murray\Documents\GitHub\SLIP\gs-rest-service-complete\pom.xml.
2014-10-07 17:27:12,922 [Worker-9] INFO  o.e.m.c.i.embedder.EclipseLogger - Using 'UTF-8' encoding to copy filtered resources.
2014-10-07 17:27:12,922 [Worker-9] INFO  o.e.m.c.i.embedder.EclipseLogger - skip non existing resourceDirectory C:\Users\Calvin . T . Murray\Documents\GitHub\SLIP\gs-rest-service-complete\src\main\resources
2014-10-07 17:27:12,922 [Worker-9] INFO  o.e.m.c.i.embedder.EclipseLogger - skip non existing resourceDirectory C:\Users\Calvin . T . Murray\Documents\GitHub\SLIP\gs-rest-service-complete\src\main\resources
2014-10-07 17:27:12,923 [Worker-9] INFO  o.e.m.c.i.embedder.EclipseLogger - Using 'UTF-8' encoding to copy filtered resources.
2014-10-07 17:27:12,924 [Worker-9] INFO  o.e.m.c.i.embedder.EclipseLogger - skip non existing resourceDirectory C:\Users\Calvin . T . Murray\Documents\GitHub\SLIP\gs-rest-service-complete\src\test\resources
2014-10-07 17:27:13,050 [Worker-8] INFO  o.e.m.j.i.AbstractJavaProjectConfigurator - Adding source folder /gs-rest-service-complete/src/main/java
2014-10-07 17:27:13,051 [Worker-8] INFO  o.e.m.j.i.AbstractJavaProjectConfigurator - Adding source folder /gs-rest-service-complete/src/test/java
2014-10-07 17:27:13,281 [Worker-8] INFO  o.e.m.c.i.p.ProjectConfigurationManager - Imported and configured 1 project(s) in 1 sec
2014-10-07 17:27:13,285 [Worker-8] INFO  o.e.m.c.i.p.ProjectConfigurationManager - Update started
2014-10-07 17:27:13,424 [Worker-8] INFO  o.e.m.c.i.l.LifecycleMappingFactory - Using org.eclipse.m2e.jdt.JarLifecycleMapping lifecycle mapping for MavenProject: org.springframework:gs-rest-service:0.1.0 @ C:\Users\Calvin . T . Murray\Documents\GitHub\SLIP\gs-rest-service-complete\pom.xml.
2014-10-07 17:27:13,860 [Worker-8] INFO  o.e.m.j.i.AbstractJavaProjectConfigurator - Adding source folder /gs-rest-service-complete/src/main/java
2014-10-07 17:27:13,861 [Worker-8] INFO  o.e.m.j.i.AbstractJavaProjectConfigurator - Adding source folder /gs-rest-service-complete/src/test/java
2014-10-07 17:27:19,758 [Worker-8] INFO  o.e.m.c.i.l.LifecycleMappingFactory - Using org.eclipse.m2e.jdt.JarLifecycleMapping lifecycle mapping for MavenProject: org.springframework:gs-rest-service:0.1.0 @ C:\Users\Calvin . T . Murray\Documents\GitHub\SLIP\gs-rest-service-complete\pom.xml.
2014-10-07 17:27:19,957 [Worker-8] INFO  o.e.m.c.i.p.ProjectConfigurationManager - Update completed: 6 sec
2014-10-07 17:27:21,173 [Worker-3] INFO  o.e.m.c.i.embedder.EclipseLogger - Using 'UTF-8' encoding to copy filtered resources.
2014-10-07 17:27:21,174 [Worker-3] INFO  o.e.m.c.i.embedder.EclipseLogger - skip non existing resourceDirectory C:\Users\Calvin . T . Murray\Documents\GitHub\SLIP\gs-rest-service-complete\src\main\resources
2014-10-07 17:27:21,174 [Worker-3] INFO  o.e.m.c.i.embedder.EclipseLogger - skip non existing resourceDirectory C:\Users\Calvin . T . Murray\Documents\GitHub\SLIP\gs-rest-service-complete\src\main\resources
2014-10-07 17:27:21,175 [Worker-3] INFO  o.e.m.c.i.embedder.EclipseLogger - Using 'UTF-8' encoding to copy filtered resources.
2014-10-07 17:27:21,175 [Worker-3] INFO  o.e.m.c.i.embedder.EclipseLogger - skip non existing resourceDirectory C:\Users\Calvin . T . Murray\Documents\GitHub\SLIP\gs-rest-service-complete\src\test\resources
2014-10-07 17:28:01,656 [Worker-4] INFO  o.e.m.c.i.l.LifecycleMappingFactory - Using org.eclipse.m2e.jdt.JarLifecycleMapping lifecycle mapping for MavenProject: org.springframework:gs-rest-service:0.1.0 @ C:\Users\Calvin . T . Murray\Documents\GitHub\SLIP\gs-rest-service-complete\pom.xml.
2014-10-07 17:28:02,025 [Worker-4] INFO  o.e.m.c.i.embedder.EclipseLogger - Using 'UTF-8' encoding to copy filtered resources.
2014-10-07 17:28:02,025 [Worker-4] INFO  o.e.m.c.i.embedder.EclipseLogger - skip non existing resourceDirectory C:\Users\Calvin . T . Murray\Documents\GitHub\SLIP\gs-rest-service-complete\src\main\resources
2014-10-07 17:28:02,025 [Worker-4] INFO  o.e.m.c.i.embedder.EclipseLogger - skip non existing resourceDirectory C:\Users\Calvin . T . Murray\Documents\GitHub\SLIP\gs-rest-service-complete\src\main\resources
2014-10-07 17:28:02,027 [Worker-4] INFO  o.e.m.c.i.embedder.EclipseLogger - Using 'UTF-8' encoding to copy filtered resources.
2014-10-07 17:28:02,028 [Worker-4] INFO  o.e.m.c.i.embedder.EclipseLogger - skip non existing resourceDirectory C:\Users\Calvin . T . Murray\Documents\GitHub\SLIP\gs-rest-service-complete\src\test\resources
2014-10-07 17:30:32,444 [Worker-0] INFO  o.e.m.c.i.embedder.EclipseLogger - Using 'UTF-8' encoding to copy filtered resources.
2014-10-07 17:30:32,444 [Worker-0] INFO  o.e.m.c.i.embedder.EclipseLogger - skip non existing resourceDirectory C:\Users\Calvin . T . Murray\Documents\GitHub\SLIP\gs-rest-service-complete\src\main\resources
2014-10-07 17:30:32,445 [Worker-0] INFO  o.e.m.c.i.embedder.EclipseLogger - skip non existing resourceDirectory C:\Users\Calvin . T . Murray\Documents\GitHub\SLIP\gs-rest-service-complete\src\main\resources
2014-10-07 17:30:32,445 [Worker-0] INFO  o.e.m.c.i.embedder.EclipseLogger - Using 'UTF-8' encoding to copy filtered resources.
2014-10-07 17:30:32,446 [Worker-0] INFO  o.e.m.c.i.embedder.EclipseLogger - skip non existing resourceDirectory C:\Users\Calvin . T . Murray\Documents\GitHub\SLIP\gs-rest-service-complete\src\test\resources
2014-10-07 17:31:41,319 [Worker-8] INFO  o.e.m.c.i.l.LifecycleMappingFactory - Using org.eclipse.m2e.jdt.JarLifecycleMapping lifecycle mapping for MavenProject: org.springframework:gs-rest-service:0.1.0 @ C:\Users\Calvin . T . Murray\Documents\GitHub\SLIP\SLIP-WebServer\pom.xml.
2014-10-07 17:31:41,846 [Worker-8] INFO  o.e.m.j.i.AbstractJavaProjectConfigurator - Adding source folder /SLIP-WebServer/src/main/java
2014-10-07 17:31:41,852 [Worker-8] INFO  o.e.m.j.i.AbstractJavaProjectConfigurator - Adding source folder /SLIP-WebServer/src/test/java
2014-10-07 17:31:42,006 [Worker-8] INFO  o.e.m.c.i.p.ProjectConfigurationManager - Imported and configured 1 project(s) in 0 sec
2014-10-07 17:31:42,315 [Worker-1] INFO  o.e.m.c.i.l.LifecycleMappingFactory - Using org.eclipse.m2e.jdt.JarLifecycleMapping lifecycle mapping for MavenProject: org.springframework:gs-rest-service:0.1.0 @ C:\Users\Calvin . T . Murray\Documents\GitHub\SLIP\SLIP-WebServer\pom.xml.
2014-10-07 17:31:42,652 [Worker-11] INFO  o.e.m.c.i.l.LifecycleMappingFactory - Using org.eclipse.m2e.jdt.JarLifecycleMapping lifecycle mapping for MavenProject: org.springframework:gs-rest-service:0.1.0 @ C:\Users\Calvin . T . Murray\Documents\GitHub\SLIP\SLIP-WebServer\pom.xml.
2014-10-07 17:31:43,052 [Worker-11] INFO  o.e.m.c.i.embedder.EclipseLogger - Using 'UTF-8' encoding to copy filtered resources.
2014-10-07 17:31:43,052 [Worker-11] INFO  o.e.m.c.i.embedder.EclipseLogger - skip non existing resourceDirectory C:\Users\Calvin . T . Murray\Documents\GitHub\SLIP\SLIP-WebServer\src\main\resources
2014-10-07 17:31:43,052 [Worker-11] INFO  o.e.m.c.i.embedder.EclipseLogger - skip non existing resourceDirectory C:\Users\Calvin . T . Murray\Documents\GitHub\SLIP\SLIP-WebServer\src\main\resources
2014-10-07 17:31:43,053 [Worker-11] INFO  o.e.m.c.i.embedder.EclipseLogger - Using 'UTF-8' encoding to copy filtered resources.
2014-10-07 17:31:43,054 [Worker-11] INFO  o.e.m.c.i.embedder.EclipseLogger - skip non existing resourceDirectory C:\Users\Calvin . T . Murray\Documents\GitHub\SLIP\SLIP-WebServer\src\test\resources
2014-10-07 17:31:44,260 [Worker-3] INFO  o.e.m.c.i.l.LifecycleMappingFactory - Using org.eclipse.m2e.jdt.JarLifecycleMapping lifecycle mapping for MavenProject: org.springframework:gs-rest-service:0.1.0 @ C:\Users\Calvin . T . Murray\Documents\GitHub\SLIP\SLIP-WebServer\pom.xml.
2014-10-07 17:31:45,805 [Worker-15] INFO  o.e.m.c.i.embedder.EclipseLogger - Using 'UTF-8' encoding to copy filtered resources.
2014-10-07 17:31:45,805 [Worker-15] INFO  o.e.m.c.i.embedder.EclipseLogger - skip non existing resourceDirectory C:\Users\Calvin . T . Murray\Documents\GitHub\SLIP\SLIP-WebServer\src\main\resources
2014-10-07 17:31:45,806 [Worker-15] INFO  o.e.m.c.i.embedder.EclipseLogger - skip non existing resourceDirectory C:\Users\Calvin . T . Murray\Documents\GitHub\SLIP\SLIP-WebServer\src\main\resources
2014-10-07 17:31:45,807 [Worker-15] INFO  o.e.m.c.i.embedder.EclipseLogger - Using 'UTF-8' encoding to copy filtered resources.
2014-10-07 17:31:45,807 [Worker-15] INFO  o.e.m.c.i.embedder.EclipseLogger - skip non existing resourceDirectory C:\Users\Calvin . T . Murray\Documents\GitHub\SLIP\SLIP-WebServer\src\test\resources
2014-10-07 17:32:55,265 [Worker-6] INFO  o.e.m.c.i.embedder.EclipseLogger - Using 'UTF-8' encoding to copy filtered resources.
2014-10-07 17:32:55,265 [Worker-6] INFO  o.e.m.c.i.embedder.EclipseLogger - skip non existing resourceDirectory C:\Users\Calvin . T . Murray\Documents\GitHub\SLIP\SLIP-WebServer\src\main\resources
2014-10-07 17:32:55,265 [Worker-6] INFO  o.e.m.c.i.embedder.EclipseLogger - skip non existing resourceDirectory C:\Users\Calvin . T . Murray\Documents\GitHub\SLIP\SLIP-WebServer\src\main\resources
2014-10-07 17:32:55,266 [Worker-6] INFO  o.e.m.c.i.embedder.EclipseLogger - Using 'UTF-8' encoding to copy filtered resources.
2014-10-07 17:32:55,267 [Worker-6] INFO  o.e.m.c.i.embedder.EclipseLogger - skip non existing resourceDirectory C:\Users\Calvin . T . Murray\Documents\GitHub\SLIP\SLIP-WebServer\src\test\resources
2014-10-07 17:32:55,279 [Worker-6] INFO  o.e.m.c.i.embedder.EclipseLogger - Using 'UTF-8' encoding to copy filtered resources.
2014-10-07 17:32:55,279 [Worker-6] INFO  o.e.m.c.i.embedder.EclipseLogger - skip non existing resourceDirectory C:\Users\Calvin . T . Murray\Documents\GitHub\SLIP\gs-rest-service-complete\src\main\resources
2014-10-07 17:32:55,280 [Worker-6] INFO  o.e.m.c.i.embedder.EclipseLogger - skip non existing resourceDirectory C:\Users\Calvin . T . Murray\Documents\GitHub\SLIP\gs-rest-service-complete\src\main\resources
2014-10-07 17:32:55,280 [Worker-6] INFO  o.e.m.c.i.embedder.EclipseLogger - Using 'UTF-8' encoding to copy filtered resources.
2014-10-07 17:32:55,281 [Worker-6] INFO  o.e.m.c.i.embedder.EclipseLogger - skip non existing resourceDirectory C:\Users\Calvin . T . Murray\Documents\GitHub\SLIP\gs-rest-service-complete\src\test\resources
2014-10-07 17:41:00,357 [Worker-4] INFO  o.e.m.c.i.l.LifecycleMappingFactory - Using org.eclipse.m2e.jdt.JarLifecycleMapping lifecycle mapping for MavenProject: org.springframework:gs-rest-service:0.1.0 @ C:\Users\Calvin . T . Murray\Documents\GitHub\SLIP\SLIP-WebServer\pom.xml.
2014-10-07 17:41:08,106 [Worker-4] ERROR o.e.m.j.i.l.MavenLaunchConfigurationListener - Launch configuration gs-rest-service-complete - Application references non-existing project gs-rest-service-complete.
org.eclipse.core.runtime.CoreException: Launch configuration gs-rest-service-complete - Application references non-existing project gs-rest-service-complete.
	at org.eclipse.jdt.launching.JavaRuntime.abort(JavaRuntime.java:1406) ~[org.eclipse.jdt.launching_3.7.101.v20140825-1922.jar:na]
	at org.eclipse.jdt.launching.JavaRuntime.getJavaProject(JavaRuntime.java:1281) ~[org.eclipse.jdt.launching_3.7.101.v20140825-1922.jar:na]
	at org.eclipse.m2e.jdt.internal.launch.MavenLaunchConfigurationListener.updateLaunchConfiguration(MavenLaunchConfigurationListener.java:53) [org.eclipse.m2e.jdt_1.5.0.20140606-0033.jar:na]
	at org.eclipse.m2e.jdt.internal.launch.MavenLaunchConfigurationListener.launchConfigurationChanged(MavenLaunchConfigurationListener.java:38) [org.eclipse.m2e.jdt_1.5.0.20140606-0033.jar:na]
	at org.eclipse.debug.internal.core.LaunchManager$ConfigurationNotifier.run(LaunchManager.java:229) [org.eclipse.debug.core_3.9.0.v20140521-1435.jar:na]
	at org.eclipse.core.runtime.SafeRunner.run(SafeRunner.java:42) [org.eclipse.equinox.common_3.6.200.v20130402-1505.jar:na]
	at org.eclipse.debug.internal.core.LaunchManager$ConfigurationNotifier.notify(LaunchManager.java:209) [org.eclipse.debug.core_3.9.0.v20140521-1435.jar:na]
	at org.eclipse.debug.internal.core.LaunchConfigurationWorkingCopy.setDirty(LaunchConfigurationWorkingCopy.java:552) [org.eclipse.debug.core_3.9.0.v20140521-1435.jar:na]
	at org.eclipse.debug.internal.core.LaunchConfigurationWorkingCopy.setAttribute(LaunchConfigurationWorkingCopy.java:425) [org.eclipse.debug.core_3.9.0.v20140521-1435.jar:na]
	at org.eclipse.m2e.jdt.internal.launch.MavenRuntimeClasspathProvider.disable(MavenRuntimeClasspathProvider.java:309) [org.eclipse.m2e.jdt_1.5.0.20140606-0033.jar:na]
	at org.eclipse.m2e.jdt.internal.launch.MavenRuntimeClasspathProvider.disable(MavenRuntimeClasspathProvider.java:335) [org.eclipse.m2e.jdt_1.5.0.20140606-0033.jar:na]
	at org.eclipse.m2e.jdt.internal.launch.MavenLaunchConfigurationListener.mavenProjectChanged(MavenLaunchConfigurationListener.java:70) [org.eclipse.m2e.jdt_1.5.0.20140606-0033.jar:na]
	at org.eclipse.m2e.core.internal.project.registry.ProjectRegistryManager.notifyProjectChangeListeners(ProjectRegistryManager.java:747) [org.eclipse.m2e.core_1.5.0.20140606-0033.jar:na]
	at org.eclipse.m2e.core.internal.project.registry.ProjectRegistryManager.applyMutableProjectRegistry(ProjectRegistryManager.java:876) [org.eclipse.m2e.core_1.5.0.20140606-0033.jar:na]
	at org.eclipse.m2e.core.internal.project.registry.ProjectRegistryRefreshJob$1.call(ProjectRegistryRefreshJob.java:104) [org.eclipse.m2e.core_1.5.0.20140606-0033.jar:na]
	at org.eclipse.m2e.core.internal.project.registry.ProjectRegistryRefreshJob$1.call(ProjectRegistryRefreshJob.java:1) [org.eclipse.m2e.core_1.5.0.20140606-0033.jar:na]
	at org.eclipse.m2e.core.internal.embedder.MavenExecutionContext.executeBare(MavenExecutionContext.java:166) [org.eclipse.m2e.core_1.5.0.20140606-0033.jar:na]
	at org.eclipse.m2e.core.internal.embedder.MavenExecutionContext.execute(MavenExecutionContext.java:142) [org.eclipse.m2e.core_1.5.0.20140606-0033.jar:na]
	at org.eclipse.m2e.core.internal.embedder.MavenExecutionContext.execute(MavenExecutionContext.java:96) [org.eclipse.m2e.core_1.5.0.20140606-0033.jar:na]
	at org.eclipse.m2e.core.internal.embedder.MavenImpl.execute(MavenImpl.java:1348) [org.eclipse.m2e.core_1.5.0.20140606-0033.jar:na]
	at org.eclipse.m2e.core.internal.project.registry.ProjectRegistryRefreshJob.run(ProjectRegistryRefreshJob.java:87) [org.eclipse.m2e.core_1.5.0.20140606-0033.jar:na]
	at org.eclipse.core.internal.jobs.Worker.run(Worker.java:54) [org.eclipse.core.jobs_3.6.0.v20140424-0053.jar:na]
2014-10-07 17:41:08,107 [Worker-4] ERROR o.e.m.j.i.l.MavenLaunchConfigurationListener - Launch configuration gs-rest-service-complete - Application references non-existing project gs-rest-service-complete.
org.eclipse.core.runtime.CoreException: Launch configuration gs-rest-service-complete - Application references non-existing project gs-rest-service-complete.
	at org.eclipse.jdt.launching.JavaRuntime.abort(JavaRuntime.java:1406) ~[org.eclipse.jdt.launching_3.7.101.v20140825-1922.jar:na]
	at org.eclipse.jdt.launching.JavaRuntime.getJavaProject(JavaRuntime.java:1281) ~[org.eclipse.jdt.launching_3.7.101.v20140825-1922.jar:na]
	at org.eclipse.m2e.jdt.internal.launch.MavenLaunchConfigurationListener.updateLaunchConfiguration(MavenLaunchConfigurationListener.java:53) [org.eclipse.m2e.jdt_1.5.0.20140606-0033.jar:na]
	at org.eclipse.m2e.jdt.internal.launch.MavenLaunchConfigurationListener.launchConfigurationChanged(MavenLaunchConfigurationListener.java:38) [org.eclipse.m2e.jdt_1.5.0.20140606-0033.jar:na]
	at org.eclipse.debug.internal.core.LaunchManager$ConfigurationNotifier.run(LaunchManager.java:229) [org.eclipse.debug.core_3.9.0.v20140521-1435.jar:na]
	at org.eclipse.core.runtime.SafeRunner.run(SafeRunner.java:42) [org.eclipse.equinox.common_3.6.200.v20130402-1505.jar:na]
	at org.eclipse.debug.internal.core.LaunchManager$ConfigurationNotifier.notify(LaunchManager.java:209) [org.eclipse.debug.core_3.9.0.v20140521-1435.jar:na]
	at org.eclipse.debug.internal.core.LaunchConfigurationWorkingCopy.setDirty(LaunchConfigurationWorkingCopy.java:552) [org.eclipse.debug.core_3.9.0.v20140521-1435.jar:na]
	at org.eclipse.debug.internal.core.LaunchConfigurationWorkingCopy.setAttribute(LaunchConfigurationWorkingCopy.java:425) [org.eclipse.debug.core_3.9.0.v20140521-1435.jar:na]
	at org.eclipse.m2e.jdt.internal.launch.MavenRuntimeClasspathProvider.disable(MavenRuntimeClasspathProvider.java:310) [org.eclipse.m2e.jdt_1.5.0.20140606-0033.jar:na]
	at org.eclipse.m2e.jdt.internal.launch.MavenRuntimeClasspathProvider.disable(MavenRuntimeClasspathProvider.java:335) [org.eclipse.m2e.jdt_1.5.0.20140606-0033.jar:na]
	at org.eclipse.m2e.jdt.internal.launch.MavenLaunchConfigurationListener.mavenProjectChanged(MavenLaunchConfigurationListener.java:70) [org.eclipse.m2e.jdt_1.5.0.20140606-0033.jar:na]
	at org.eclipse.m2e.core.internal.project.registry.ProjectRegistryManager.notifyProjectChangeListeners(ProjectRegistryManager.java:747) [org.eclipse.m2e.core_1.5.0.20140606-0033.jar:na]
	at org.eclipse.m2e.core.internal.project.registry.ProjectRegistryManager.applyMutableProjectRegistry(ProjectRegistryManager.java:876) [org.eclipse.m2e.core_1.5.0.20140606-0033.jar:na]
	at org.eclipse.m2e.core.internal.project.registry.ProjectRegistryRefreshJob$1.call(ProjectRegistryRefreshJob.java:104) [org.eclipse.m2e.core_1.5.0.20140606-0033.jar:na]
	at org.eclipse.m2e.core.internal.project.registry.ProjectRegistryRefreshJob$1.call(ProjectRegistryRefreshJob.java:1) [org.eclipse.m2e.core_1.5.0.20140606-0033.jar:na]
	at org.eclipse.m2e.core.internal.embedder.MavenExecutionContext.executeBare(MavenExecutionContext.java:166) [org.eclipse.m2e.core_1.5.0.20140606-0033.jar:na]
	at org.eclipse.m2e.core.internal.embedder.MavenExecutionContext.execute(MavenExecutionContext.java:142) [org.eclipse.m2e.core_1.5.0.20140606-0033.jar:na]
	at org.eclipse.m2e.core.internal.embedder.MavenExecutionContext.execute(MavenExecutionContext.java:96) [org.eclipse.m2e.core_1.5.0.20140606-0033.jar:na]
	at org.eclipse.m2e.core.internal.embedder.MavenImpl.execute(MavenImpl.java:1348) [org.eclipse.m2e.core_1.5.0.20140606-0033.jar:na]
	at org.eclipse.m2e.core.internal.project.registry.ProjectRegistryRefreshJob.run(ProjectRegistryRefreshJob.java:87) [org.eclipse.m2e.core_1.5.0.20140606-0033.jar:na]
	at org.eclipse.core.internal.jobs.Worker.run(Worker.java:54) [org.eclipse.core.jobs_3.6.0.v20140424-0053.jar:na]
2014-10-07 17:41:08,110 [Worker-4] ERROR o.e.m.j.i.l.MavenLaunchConfigurationListener - Launch configuration gs-rest-service-complete - Application references non-existing project gs-rest-service-complete.
org.eclipse.core.runtime.CoreException: Launch configuration gs-rest-service-complete - Application references non-existing project gs-rest-service-complete.
	at org.eclipse.jdt.launching.JavaRuntime.abort(JavaRuntime.java:1406) ~[org.eclipse.jdt.launching_3.7.101.v20140825-1922.jar:na]
	at org.eclipse.jdt.launching.JavaRuntime.getJavaProject(JavaRuntime.java:1281) ~[org.eclipse.jdt.launching_3.7.101.v20140825-1922.jar:na]
	at org.eclipse.m2e.jdt.internal.launch.MavenLaunchConfigurationListener.updateLaunchConfiguration(MavenLaunchConfigurationListener.java:53) [org.eclipse.m2e.jdt_1.5.0.20140606-0033.jar:na]
	at org.eclipse.m2e.jdt.internal.launch.MavenLaunchConfigurationListener.launchConfigurationChanged(MavenLaunchConfigurationListener.java:38) [org.eclipse.m2e.jdt_1.5.0.20140606-0033.jar:na]
	at org.eclipse.debug.internal.core.LaunchManager$ConfigurationNotifier.run(LaunchManager.java:229) [org.eclipse.debug.core_3.9.0.v20140521-1435.jar:na]
	at org.eclipse.core.runtime.SafeRunner.run(SafeRunner.java:42) [org.eclipse.equinox.common_3.6.200.v20130402-1505.jar:na]
	at org.eclipse.debug.internal.core.LaunchManager$ConfigurationNotifier.notify(LaunchManager.java:209) [org.eclipse.debug.core_3.9.0.v20140521-1435.jar:na]
	at org.eclipse.debug.internal.core.LaunchManager.launchConfigurationChanged(LaunchManager.java:2162) [org.eclipse.debug.core_3.9.0.v20140521-1435.jar:na]
	at org.eclipse.debug.internal.core.LaunchConfigurationWorkingCopy.writeNewFile(LaunchConfigurationWorkingCopy.java:384) [org.eclipse.debug.core_3.9.0.v20140521-1435.jar:na]
	at org.eclipse.debug.internal.core.LaunchConfigurationWorkingCopy.doSave0(LaunchConfigurationWorkingCopy.java:250) [org.eclipse.debug.core_3.9.0.v20140521-1435.jar:na]
	at org.eclipse.debug.internal.core.LaunchConfigurationWorkingCopy.doSave(LaunchConfigurationWorkingCopy.java:220) [org.eclipse.debug.core_3.9.0.v20140521-1435.jar:na]
	at org.eclipse.debug.internal.core.LaunchConfigurationWorkingCopy.doSave(LaunchConfigurationWorkingCopy.java:173) [org.eclipse.debug.core_3.9.0.v20140521-1435.jar:na]
	at org.eclipse.m2e.jdt.internal.launch.MavenRuntimeClasspathProvider.disable(MavenRuntimeClasspathProvider.java:311) [org.eclipse.m2e.jdt_1.5.0.20140606-0033.jar:na]
	at org.eclipse.m2e.jdt.internal.launch.MavenRuntimeClasspathProvider.disable(MavenRuntimeClasspathProvider.java:335) [org.eclipse.m2e.jdt_1.5.0.20140606-0033.jar:na]
	at org.eclipse.m2e.jdt.internal.launch.MavenLaunchConfigurationListener.mavenProjectChanged(MavenLaunchConfigurationListener.java:70) [org.eclipse.m2e.jdt_1.5.0.20140606-0033.jar:na]
	at org.eclipse.m2e.core.internal.project.registry.ProjectRegistryManager.notifyProjectChangeListeners(ProjectRegistryManager.java:747) [org.eclipse.m2e.core_1.5.0.20140606-0033.jar:na]
	at org.eclipse.m2e.core.internal.project.registry.ProjectRegistryManager.applyMutableProjectRegistry(ProjectRegistryManager.java:876) [org.eclipse.m2e.core_1.5.0.20140606-0033.jar:na]
	at org.eclipse.m2e.core.internal.project.registry.ProjectRegistryRefreshJob$1.call(ProjectRegistryRefreshJob.java:104) [org.eclipse.m2e.core_1.5.0.20140606-0033.jar:na]
	at org.eclipse.m2e.core.internal.project.registry.ProjectRegistryRefreshJob$1.call(ProjectRegistryRefreshJob.java:1) [org.eclipse.m2e.core_1.5.0.20140606-0033.jar:na]
	at org.eclipse.m2e.core.internal.embedder.MavenExecutionContext.executeBare(MavenExecutionContext.java:166) [org.eclipse.m2e.core_1.5.0.20140606-0033.jar:na]
	at org.eclipse.m2e.core.internal.embedder.MavenExecutionContext.execute(MavenExecutionContext.java:142) [org.eclipse.m2e.core_1.5.0.20140606-0033.jar:na]
	at org.eclipse.m2e.core.internal.embedder.MavenExecutionContext.execute(MavenExecutionContext.java:96) [org.eclipse.m2e.core_1.5.0.20140606-0033.jar:na]
	at org.eclipse.m2e.core.internal.embedder.MavenImpl.execute(MavenImpl.java:1348) [org.eclipse.m2e.core_1.5.0.20140606-0033.jar:na]
	at org.eclipse.m2e.core.internal.project.registry.ProjectRegistryRefreshJob.run(ProjectRegistryRefreshJob.java:87) [org.eclipse.m2e.core_1.5.0.20140606-0033.jar:na]
	at org.eclipse.core.internal.jobs.Worker.run(Worker.java:54) [org.eclipse.core.jobs_3.6.0.v20140424-0053.jar:na]
2014-10-07 17:41:08,718 [Worker-1] INFO  o.e.m.c.i.embedder.EclipseLogger - Using 'UTF-8' encoding to copy filtered resources.
2014-10-07 17:41:08,719 [Worker-1] INFO  o.e.m.c.i.embedder.EclipseLogger - skip non existing resourceDirectory C:\Users\Calvin . T . Murray\Documents\GitHub\SLIP\SLIP-WebServer\src\main\resources
2014-10-07 17:41:08,719 [Worker-1] INFO  o.e.m.c.i.embedder.EclipseLogger - skip non existing resourceDirectory C:\Users\Calvin . T . Murray\Documents\GitHub\SLIP\SLIP-WebServer\src\main\resources
2014-10-07 17:41:08,720 [Worker-1] INFO  o.e.m.c.i.embedder.EclipseLogger - Using 'UTF-8' encoding to copy filtered resources.
2014-10-07 17:41:08,720 [Worker-1] INFO  o.e.m.c.i.embedder.EclipseLogger - skip non existing resourceDirectory C:\Users\Calvin . T . Murray\Documents\GitHub\SLIP\SLIP-WebServer\src\test\resources
2014-10-07 17:42:59,196 [Worker-17] INFO  o.e.m.c.i.l.LifecycleMappingFactory - Using org.eclipse.m2e.jdt.JarLifecycleMapping lifecycle mapping for MavenProject: org.springframework:gs-rest-service:0.1.0 @ C:\Users\Calvin . T . Murray\Documents\GitHub\SLIP\SLIP-WebServer2\pom.xml.
2014-10-07 17:42:59,622 [Worker-17] INFO  o.e.m.c.i.embedder.EclipseLogger - Using 'UTF-8' encoding to copy filtered resources.
2014-10-07 17:42:59,622 [Worker-17] INFO  o.e.m.c.i.embedder.EclipseLogger - skip non existing resourceDirectory C:\Users\Calvin . T . Murray\Documents\GitHub\SLIP\SLIP-WebServer2\src\main\resources
2014-10-07 17:42:59,622 [Worker-17] INFO  o.e.m.c.i.embedder.EclipseLogger - skip non existing resourceDirectory C:\Users\Calvin . T . Murray\Documents\GitHub\SLIP\SLIP-WebServer2\src\main\resources
2014-10-07 17:42:59,623 [Worker-17] INFO  o.e.m.c.i.embedder.EclipseLogger - Using 'UTF-8' encoding to copy filtered resources.
2014-10-07 17:42:59,624 [Worker-17] INFO  o.e.m.c.i.embedder.EclipseLogger - skip non existing resourceDirectory C:\Users\Calvin . T . Murray\Documents\GitHub\SLIP\SLIP-WebServer2\src\test\resources
2014-10-07 17:43:00,378 [Worker-17] INFO  o.e.m.c.i.l.LifecycleMappingFactory - Using org.eclipse.m2e.jdt.JarLifecycleMapping lifecycle mapping for MavenProject: org.springframework:gs-rest-service:0.1.0 @ C:\Users\Calvin . T . Murray\Documents\GitHub\SLIP\SLIP-WebServer2\pom.xml.
2014-10-07 17:43:04,360 [Worker-5] INFO  o.e.m.c.i.embedder.EclipseLogger - Using 'UTF-8' encoding to copy filtered resources.
2014-10-07 17:43:04,361 [Worker-5] INFO  o.e.m.c.i.embedder.EclipseLogger - skip non existing resourceDirectory C:\Users\Calvin . T . Murray\Documents\GitHub\SLIP\SLIP-WebServer2\src\main\resources
2014-10-07 17:43:04,361 [Worker-5] INFO  o.e.m.c.i.embedder.EclipseLogger - skip non existing resourceDirectory C:\Users\Calvin . T . Murray\Documents\GitHub\SLIP\SLIP-WebServer2\src\main\resources
2014-10-07 17:43:04,363 [Worker-5] INFO  o.e.m.c.i.embedder.EclipseLogger - Using 'UTF-8' encoding to copy filtered resources.
2014-10-07 17:43:04,363 [Worker-5] INFO  o.e.m.c.i.embedder.EclipseLogger - skip non existing resourceDirectory C:\Users\Calvin . T . Murray\Documents\GitHub\SLIP\SLIP-WebServer2\src\test\resources
2014-10-07 17:43:05,899 [Worker-5] INFO  o.e.m.c.i.embedder.EclipseLogger - Using 'UTF-8' encoding to copy filtered resources.
2014-10-07 17:43:05,900 [Worker-5] INFO  o.e.m.c.i.embedder.EclipseLogger - skip non existing resourceDirectory C:\Users\Calvin . T . Murray\Documents\GitHub\SLIP\SLIP-WebServer2\src\main\resources
2014-10-07 17:43:05,900 [Worker-5] INFO  o.e.m.c.i.embedder.EclipseLogger - skip non existing resourceDirectory C:\Users\Calvin . T . Murray\Documents\GitHub\SLIP\SLIP-WebServer2\src\main\resources
2014-10-07 17:43:05,903 [Worker-5] INFO  o.e.m.c.i.embedder.EclipseLogger - Using 'UTF-8' encoding to copy filtered resources.
2014-10-07 17:43:05,904 [Worker-5] INFO  o.e.m.c.i.embedder.EclipseLogger - skip non existing resourceDirectory C:\Users\Calvin . T . Murray\Documents\GitHub\SLIP\SLIP-WebServer2\src\test\resources
2014-10-07 17:43:10,071 [Worker-17] INFO  o.e.m.c.i.l.LifecycleMappingFactory - Using org.eclipse.m2e.jdt.JarLifecycleMapping lifecycle mapping for MavenProject: org.springframework:gs-rest-service:0.1.0 @ C:\Users\Calvin . T . Murray\Documents\GitHub\SLIP\SLIP-WebServer\pom.xml.
2014-10-07 17:43:10,837 [Worker-17] INFO  o.e.m.c.i.embedder.EclipseLogger - Using 'UTF-8' encoding to copy filtered resources.
2014-10-07 17:43:10,837 [Worker-17] INFO  o.e.m.c.i.embedder.EclipseLogger - skip non existing resourceDirectory C:\Users\Calvin . T . Murray\Documents\GitHub\SLIP\SLIP-WebServer\src\main\resources
2014-10-07 17:43:10,838 [Worker-17] INFO  o.e.m.c.i.embedder.EclipseLogger - skip non existing resourceDirectory C:\Users\Calvin . T . Murray\Documents\GitHub\SLIP\SLIP-WebServer\src\main\resources
2014-10-07 17:43:10,838 [Worker-17] INFO  o.e.m.c.i.embedder.EclipseLogger - Using 'UTF-8' encoding to copy filtered resources.
2014-10-07 17:43:10,839 [Worker-17] INFO  o.e.m.c.i.embedder.EclipseLogger - skip non existing resourceDirectory C:\Users\Calvin . T . Murray\Documents\GitHub\SLIP\SLIP-WebServer\src\test\resources
2014-10-07 17:43:11,425 [Worker-18] INFO  o.e.m.c.i.l.LifecycleMappingFactory - Using org.eclipse.m2e.jdt.JarLifecycleMapping lifecycle mapping for MavenProject: org.springframework:gs-rest-service:0.1.0 @ C:\Users\Calvin . T . Murray\Documents\GitHub\SLIP\SLIP-WebServer\pom.xml.
2014-10-07 17:43:15,112 [Worker-15] INFO  o.e.m.c.i.embedder.EclipseLogger - Using 'UTF-8' encoding to copy filtered resources.
2014-10-07 17:43:15,113 [Worker-15] INFO  o.e.m.c.i.embedder.EclipseLogger - skip non existing resourceDirectory C:\Users\Calvin . T . Murray\Documents\GitHub\SLIP\SLIP-WebServer\src\main\resources
2014-10-07 17:43:15,113 [Worker-15] INFO  o.e.m.c.i.embedder.EclipseLogger - skip non existing resourceDirectory C:\Users\Calvin . T . Murray\Documents\GitHub\SLIP\SLIP-WebServer\src\main\resources
2014-10-07 17:43:15,115 [Worker-15] INFO  o.e.m.c.i.embedder.EclipseLogger - Using 'UTF-8' encoding to copy filtered resources.
2014-10-07 17:43:15,116 [Worker-15] INFO  o.e.m.c.i.embedder.EclipseLogger - skip non existing resourceDirectory C:\Users\Calvin . T . Murray\Documents\GitHub\SLIP\SLIP-WebServer\src\test\resources
